# JRE version: OpenJDK Runtime Environment Temurin-17.0.11+9 (17.0.11+9) (build 17.0.11+9)
# Java VM: OpenJDK Client VM Temurin-17.0.11+9 (17.0.11+9, mixed mode, emulated-client, serial gc, windows-x86)
GC Precious Log:
 CPUs: 20 total, 20 available
 Memory: 32491M
 Large Page Support: Disabled
 NUMA Support: Disabled
 Compressed Oops: Disabled
 Heap Min Capacity: 6M
 Heap Initial Capacity: 16M
 Heap Max Capacity: 1536M
 Pre-touch: Disabled
Heap:
 def new generation   total 172992K, used 43327K [0x05200000, 0x10db0000, 0x25200000)
  eden space 153792K,  19% used [0x05200000, 0x06f60458, 0x0e830000)
  from space 19200K,  68% used [0x0faf0000, 0x107df7d8, 0x10db0000)
  to   space 19200K,   0% used [0x0e830000, 0x0e830000, 0x0faf0000)
 tenured generation   total 382100K, used 327547K [0x25200000, 0x3c725000, 0x65200000)
   the space 382100K,  85% used [0x25200000, 0x391dedb0, 0x391dee00, 0x3c725000)
 Metaspace       used 96944K, committed 97600K, reserved 98304K
GC Heap History (20 events):
Event: 34.087 GC heap before
{Heap before GC invocations=129 (full 7):
 def new generation   total 172992K, used 159680K [0x05200000, 0x10db0000, 0x25200000)
  eden space 153792K, 100% used [0x05200000, 0x0e830000, 0x0e830000)
  from space 19200K,  30% used [0x0faf0000, 0x100b0310, 0x10db0000)
  to   space 19200K,   0% used [0x0e830000, 0x0e830000, 0x0faf0000)
 tenured generation   total 382100K, used 316767K [0x25200000, 0x3c725000, 0x65200000)
   the space 382100K,  82% used [0x25200000, 0x38757cd8, 0x38757e00, 0x3c725000)
 Metaspace       used 85033K, committed 85632K, reserved 98304K
}
Event: 34.102 GC heap after
{Heap after GC invocations=130 (full 7):
 def new generation   total 172992K, used 6842K [0x05200000, 0x10db0000, 0x25200000)
  eden space 153792K,   0% used [0x05200000, 0x05200000, 0x0e830000)
  from space 19200K,  35% used [0x0e830000, 0x0eedeab8, 0x0faf0000)
  to   space 19200K,   0% used [0x0faf0000, 0x0faf0000, 0x10db0000)
 tenured generation   total 382100K, used 316767K [0x25200000, 0x3c725000, 0x65200000)
   the space 382100K,  82% used [0x25200000, 0x38757cd8, 0x38757e00, 0x3c725000)
 Metaspace       used 85033K, committed 85632K, reserved 98304K
}
Event: 34.147 GC heap before
{Heap before GC invocations=130 (full 7):
 def new generation   total 172992K, used 160634K [0x05200000, 0x10db0000, 0x25200000)
  eden space 153792K, 100% used [0x05200000, 0x0e830000, 0x0e830000)
  from space 19200K,  35% used [0x0e830000, 0x0eedeab8, 0x0faf0000)
  to   space 19200K,   0% used [0x0faf0000, 0x0faf0000, 0x10db0000)
 tenured generation   total 382100K, used 316767K [0x25200000, 0x3c725000, 0x65200000)
   the space 382100K,  82% used [0x25200000, 0x38757cd8, 0x38757e00, 0x3c725000)
 Metaspace       used 85036K, committed 85632K, reserved 98304K
}
Event: 34.164 GC heap after
{Heap after GC invocations=131 (full 7):
 def new generation   total 172992K, used 8212K [0x05200000, 0x10db0000, 0x25200000)
  eden space 153792K,   0% used [0x05200000, 0x05200000, 0x0e830000)
  from space 19200K,  42% used [0x0faf0000, 0x102f5328, 0x10db0000)
  to   space 19200K,   0% used [0x0e830000, 0x0e830000, 0x0faf0000)
 tenured generation   total 382100K, used 316767K [0x25200000, 0x3c725000, 0x65200000)
   the space 382100K,  82% used [0x25200000, 0x38757cd8, 0x38757e00, 0x3c725000)
 Metaspace       used 85036K, committed 85632K, reserved 98304K
}
Event: 34.204 GC heap before
{Heap before GC invocations=131 (full 7):
 def new generation   total 172992K, used 162004K [0x05200000, 0x10db0000, 0x25200000)
  eden space 153792K,  99% used [0x05200000, 0x0e82fff8, 0x0e830000)
  from space 19200K,  42% used [0x0faf0000, 0x102f5328, 0x10db0000)
  to   space 19200K,   0% used [0x0e830000, 0x0e830000, 0x0faf0000)
 tenured generation   total 382100K, used 316767K [0x25200000, 0x3c725000, 0x65200000)
   the space 382100K,  82% used [0x25200000, 0x38757cd8, 0x38757e00, 0x3c725000)
 Metaspace       used 85038K, committed 85632K, reserved 98304K
}
Event: 34.221 GC heap after
{Heap after GC invocations=132 (full 7):
 def new generation   total 172992K, used 8318K [0x05200000, 0x10db0000, 0x25200000)
  eden space 153792K,   0% used [0x05200000, 0x05200000, 0x0e830000)
  from space 19200K,  43% used [0x0e830000, 0x0f04fa78, 0x0faf0000)
  to   space 19200K,   0% used [0x0faf0000, 0x0faf0000, 0x10db0000)
 tenured generation   total 382100K, used 316767K [0x25200000, 0x3c725000, 0x65200000)
   the space 382100K,  82% used [0x25200000, 0x38757cd8, 0x38757e00, 0x3c725000)
 Metaspace       used 85038K, committed 85632K, reserved 98304K
}
Event: 34.266 GC heap before
{Heap before GC invocations=132 (full 7):
 def new generation   total 172992K, used 162110K [0x05200000, 0x10db0000, 0x25200000)
  eden space 153792K, 100% used [0x05200000, 0x0e830000, 0x0e830000)
  from space 19200K,  43% used [0x0e830000, 0x0f04fa78, 0x0faf0000)
  to   space 19200K,   0% used [0x0faf0000, 0x0faf0000, 0x10db0000)
 tenured generation   total 382100K, used 316767K [0x25200000, 0x3c725000, 0x65200000)
   the space 382100K,  82% used [0x25200000, 0x38757cd8, 0x38757e00, 0x3c725000)
 Metaspace       used 85070K, committed 85632K, reserved 98304K
}
Event: 34.285 GC heap after
{Heap after GC invocations=133 (full 7):
 def new generation   total 172992K, used 10094K [0x05200000, 0x10db0000, 0x25200000)
  eden space 153792K,   0% used [0x05200000, 0x05200000, 0x0e830000)
  from space 19200K,  52% used [0x0faf0000, 0x104cb810, 0x10db0000)
  to   space 19200K,   0% used [0x0e830000, 0x0e830000, 0x0faf0000)
 tenured generation   total 382100K, used 316767K [0x25200000, 0x3c725000, 0x65200000)
   the space 382100K,  82% used [0x25200000, 0x38757cd8, 0x38757e00, 0x3c725000)
 Metaspace       used 85070K, committed 85632K, reserved 98304K
}
Event: 34.663 GC heap before
{Heap before GC invocations=133 (full 7):
 def new generation   total 172992K, used 163886K [0x05200000, 0x10db0000, 0x25200000)
  eden space 153792K, 100% used [0x05200000, 0x0e830000, 0x0e830000)
  from space 19200K,  52% used [0x0faf0000, 0x104cb810, 0x10db0000)
  to   space 19200K,   0% used [0x0e830000, 0x0e830000, 0x0faf0000)
 tenured generation   total 382100K, used 316767K [0x25200000, 0x3c725000, 0x65200000)
   the space 382100K,  82% used [0x25200000, 0x38757cd8, 0x38757e00, 0x3c725000)
 Metaspace       used 85629K, committed 86208K, reserved 98304K
}
Event: 34.690 GC heap after
{Heap after GC invocations=134 (full 7):
 def new generation   total 172992K, used 8950K [0x05200000, 0x10db0000, 0x25200000)
  eden space 153792K,   0% used [0x05200000, 0x05200000, 0x0e830000)
  from space 19200K,  46% used [0x0e830000, 0x0f0edb18, 0x0faf0000)
  to   space 19200K,   0% used [0x0faf0000, 0x0faf0000, 0x10db0000)
 tenured generation   total 382100K, used 320276K [0x25200000, 0x3c725000, 0x65200000)
   the space 382100K,  83% used [0x25200000, 0x38ac53e0, 0x38ac5400, 0x3c725000)
 Metaspace       used 85629K, committed 86208K, reserved 98304K
}
Event: 34.884 GC heap before
{Heap before GC invocations=134 (full 7):
 def new generation   total 172992K, used 162742K [0x05200000, 0x10db0000, 0x25200000)
  eden space 153792K, 100% used [0x05200000, 0x0e830000, 0x0e830000)
  from space 19200K,  46% used [0x0e830000, 0x0f0edb18, 0x0faf0000)
  to   space 19200K,   0% used [0x0faf0000, 0x0faf0000, 0x10db0000)
 tenured generation   total 382100K, used 320276K [0x25200000, 0x3c725000, 0x65200000)
   the space 382100K,  83% used [0x25200000, 0x38ac53e0, 0x38ac5400, 0x3c725000)
 Metaspace       used 85629K, committed 86208K, reserved 98304K
}
Event: 34.914 GC heap after
{Heap after GC invocations=135 (full 7):
 def new generation   total 172992K, used 17709K [0x05200000, 0x10db0000, 0x25200000)
  eden space 153792K,   0% used [0x05200000, 0x05200000, 0x0e830000)
  from space 19200K,  92% used [0x0faf0000, 0x10c3b508, 0x10db0000)
  to   space 19200K,   0% used [0x0e830000, 0x0e830000, 0x0faf0000)
 tenured generation   total 382100K, used 320276K [0x25200000, 0x3c725000, 0x65200000)
   the space 382100K,  83% used [0x25200000, 0x38ac53e0, 0x38ac5400, 0x3c725000)
 Metaspace       used 85629K, committed 86208K, reserved 98304K
}
Event: 35.339 GC heap before
{Heap before GC invocations=135 (full 7):
 def new generation   total 172992K, used 171501K [0x05200000, 0x10db0000, 0x25200000)
  eden space 153792K, 100% used [0x05200000, 0x0e830000, 0x0e830000)
  from space 19200K,  92% used [0x0faf0000, 0x10c3b508, 0x10db0000)
  to   space 19200K,   0% used [0x0e830000, 0x0e830000, 0x0faf0000)
 tenured generation   total 382100K, used 320276K [0x25200000, 0x3c725000, 0x65200000)
   the space 382100K,  83% used [0x25200000, 0x38ac53e0, 0x38ac5400, 0x3c725000)
 Metaspace       used 85770K, committed 86336K, reserved 98304K
}
Event: 35.366 GC heap after
{Heap after GC invocations=136 (full 7):
 def new generation   total 172992K, used 1641K [0x05200000, 0x10db0000, 0x25200000)
  eden space 153792K,   0% used [0x05200000, 0x05200000, 0x0e830000)
  from space 19200K,   8% used [0x0e830000, 0x0e9ca418, 0x0faf0000)
  to   space 19200K,   0% used [0x0faf0000, 0x0faf0000, 0x10db0000)
 tenured generation   total 382100K, used 327547K [0x25200000, 0x3c725000, 0x65200000)
   the space 382100K,  85% used [0x25200000, 0x391dedb0, 0x391dee00, 0x3c725000)
 Metaspace       used 85770K, committed 86336K, reserved 98304K
}
Event: 39.911 GC heap before
{Heap before GC invocations=136 (full 7):
 def new generation   total 172992K, used 155433K [0x05200000, 0x10db0000, 0x25200000)
  eden space 153792K, 100% used [0x05200000, 0x0e830000, 0x0e830000)
  from space 19200K,   8% used [0x0e830000, 0x0e9ca418, 0x0faf0000)
  to   space 19200K,   0% used [0x0faf0000, 0x0faf0000, 0x10db0000)
 tenured generation   total 382100K, used 327547K [0x25200000, 0x3c725000, 0x65200000)
   the space 382100K,  85% used [0x25200000, 0x391dedb0, 0x391dee00, 0x3c725000)
 Metaspace       used 87788K, committed 88448K, reserved 98304K
}
Event: 39.937 GC heap after
{Heap after GC invocations=137 (full 7):
 def new generation   total 172992K, used 6581K [0x05200000, 0x10db0000, 0x25200000)
  eden space 153792K,   0% used [0x05200000, 0x05200000, 0x0e830000)
  from space 19200K,  34% used [0x0faf0000, 0x1015d498, 0x10db0000)
  to   space 19200K,   0% used [0x0e830000, 0x0e830000, 0x0faf0000)
 tenured generation   total 382100K, used 327547K [0x25200000, 0x3c725000, 0x65200000)
   the space 382100K,  85% used [0x25200000, 0x391dedb0, 0x391dee00, 0x3c725000)
 Metaspace       used 87788K, committed 88448K, reserved 98304K
}
Event: 96.310 GC heap before
{Heap before GC invocations=137 (full 7):
 def new generation   total 172992K, used 160373K [0x05200000, 0x10db0000, 0x25200000)
  eden space 153792K, 100% used [0x05200000, 0x0e830000, 0x0e830000)
  from space 19200K,  34% used [0x0faf0000, 0x1015d498, 0x10db0000)
  to   space 19200K,   0% used [0x0e830000, 0x0e830000, 0x0faf0000)
 tenured generation   total 382100K, used 327547K [0x25200000, 0x3c725000, 0x65200000)
   the space 382100K,  85% used [0x25200000, 0x391dedb0, 0x391dee00, 0x3c725000)
 Metaspace       used 92799K, committed 93440K, reserved 98304K
}
Event: 96.345 GC heap after
{Heap after GC invocations=138 (full 7):
 def new generation   total 172992K, used 5118K [0x05200000, 0x10db0000, 0x25200000)
  eden space 153792K,   0% used [0x05200000, 0x05200000, 0x0e830000)
  from space 19200K,  26% used [0x0e830000, 0x0ed2f928, 0x0faf0000)
  to   space 19200K,   0% used [0x0faf0000, 0x0faf0000, 0x10db0000)
 tenured generation   total 382100K, used 327547K [0x25200000, 0x3c725000, 0x65200000)
   the space 382100K,  85% used [0x25200000, 0x391dedb0, 0x391dee00, 0x3c725000)
 Metaspace       used 92799K, committed 93440K, reserved 98304K
}
Event: 335.521 GC heap before
{Heap before GC invocations=138 (full 7):
 def new generation   total 172992K, used 158910K [0x05200000, 0x10db0000, 0x25200000)
  eden space 153792K, 100% used [0x05200000, 0x0e830000, 0x0e830000)
  from space 19200K,  26% used [0x0e830000, 0x0ed2f928, 0x0faf0000)
  to   space 19200K,   0% used [0x0faf0000, 0x0faf0000, 0x10db0000)
 tenured generation   total 382100K, used 327547K [0x25200000, 0x3c725000, 0x65200000)
   the space 382100K,  85% used [0x25200000, 0x391dedb0, 0x391dee00, 0x3c725000)
 Metaspace       used 96472K, committed 97152K, reserved 98304K
}
Event: 335.563 GC heap after
{Heap after GC invocations=139 (full 7):
 def new generation   total 172992K, used 13245K [0x05200000, 0x10db0000, 0x25200000)
  eden space 153792K,   0% used [0x05200000, 0x05200000, 0x0e830000)
  from space 19200K,  68% used [0x0faf0000, 0x107df7d8, 0x10db0000)
  to   space 19200K,   0% used [0x0e830000, 0x0e830000, 0x0faf0000)
 tenured generation   total 382100K, used 327547K [0x25200000, 0x3c725000, 0x65200000)
   the space 382100K,  85% used [0x25200000, 0x391dedb0, 0x391dee00, 0x3c725000)
 Metaspace       used 96472K, committed 97152K, reserved 98304K
}

